x,y,z
-337,268,1308
-340,271,1311
-342,273,1306
-342,276,1311
-337,276,1313
-333,273,1306
-340,273,1308
-337,266,1311
-335,278,1311
-331,268,1306
-337,280,1303
-335,276,1316
-337,266,1317
-337,273,1306
-340,273,1308
-337,268,1303
-333,266,1311
-333,271,1301
-342,263,1306
-335,268,1306
-337,280,1301
-335,278,1306
-340,276,1308
-335,276,1313
-340,271,1303
-335,280,1311
-340,271,1313
-337,276,1311
-328,268,1313
-337,263,1303
-333,278,1311
-328,278,1313
-337,276,1308
-331,271,1313
-333,285,1320
-328,287,1322
-340,278,1322
-337,282,1320
-335,285,1316
-340,280,1320
-337,282,1327
-337,285,1325
-340,282,1320
-335,276,1320
-335,280,1320
-345,280,1325
-340,285,1330
-337,271,1332
-345,268,1322
-340,276,1325
-340,273,1322
-337,273,1327
-345,268,1330
-335,268,1322
-345,268,1325
-340,268,1335
-337,266,1325
-345,268,1322
-347,276,1332
-342,263,1327
-337,263,1320
-342,266,1325
-342,266,1327
-342,271,1325
-347,261,1325
-347,261,1325
-351,253,1330
-342,258,1330
-342,258,1327
-337,247,1320
-345,223,1320
-350,187,1298
-358,166,1298
-350,166,1288
-340,163,1296
-323,195,1322
-300,211,1311
-277,221,1320
-261,266,1345
-245,285,1342
-213,280,1355
-202,330,1377
-188,423,1421
-148,397,1411
-121,366,1398
-140,347,1411
-135,345,1408
-51,406,1403
-3,432,1381
11,385,1375
-3,332,1367
-22,285,1350
-3,261,1332
41,235,1296
111,240,1252
200,242,1202
246,203,1133
293,182,1070
351,145,977
423,101,840
510,90,656
595,108,455
636,126,197
636,153,-75
582,180,-332
501,206,-541
398,218,-697
288,228,-847
146,242,-972
-6,242,-1070
-172,245,-1146
-316,253,-1181
-396,250,-1202
-433,258,-1212
-391,256,-1212
-202,252,-1158
38,253,-1043
296,256,-845
491,253,-605
646,253,-286
690,226,65
652,211,416
510,185,725
312,142,965
132,116,1120
-27,132,1235
-160,161,1308
-433,213,1401
-802,235,1398
-1047,211,1311
-1252,161,1195
-1425,103,1008
-1537,21,813
-1616,-13,651
-1670,-6,558
-1721,3,457
-1756,11,340
-1780,25,256
-1771,8,192
-1758,-25,75
-1740,-21,-90
-1731,21,-271
-1668,45,-480
-1532,90,-742
-1370,132,-918
-1273,126,-1000
-1243,123,-1018
-1297,101,-965
-1453,61,-793
-1616,25,-536
-1723,23,-242
-1768,13,-28
-1758,16,251
-1680,40,607
-1465,68,972
-1231,100,1168
-1072,168,1303
-921,190,1365
-821,177,1381
-706,177,1393
-630,230,1426
-573,381,1477
-517,626,1521
-468,955,1511
-426,1291,1386
-445,1550,1215
-455,1738,1003
-456,1886,768
-438,1975,528
-396,2020,283
-366,2033,58
-277,2001,-176
-195,1927,-398
-165,1812,-633
-151,1678,-830
-157,1543,-982
-167,1381,-1122
-167,1221,-1217
-178,1086,-1271
-195,1047,-1296
-186,1152,-1261
-135,1320,-1163
-132,1515,-1016
-167,1728,-791
-226,1898,-501
-288,2006,-171
-326,2038,207
-300,1960,610
-258,1788,952
-200,1522,1230
-192,1193,1433
-245,847,1528
-388,471,1526
-541,152,1426
-597,-103,1240
-648,-306,1016
-695,-457,758
-767,-540,508
-851,-563,273
-837,-595,38
-783,-571,-192
-673,-523,-426
-545,-413,-661
-431,-297,-825
-428,-202,-942
-517,-182,-967
-755,-253,-877
-1166,-300,-631
-1545,-242,-146
-1680,-87,365
-1691,142,740
-1723,437,877
-1790,778,808
-1787,1133,658
-1668,1446,477
-1502,1678,276
-1316,1831,110
-1145,1915,-107
-970,1920,-381
-783,1883,-602
-646,1791,-822
-525,1636,-1031
-412,1391,-1235
-323,1021,-1386
-298,607,-1426
-227,258,-1332
-232,1,-1200
-307,-123,-1138
-508,-132,-1163
-945,-68,-1148
-1435,13,-903
-1720,101,-518
-1843,130,-110
-1827,135,398
-1607,135,891
-1265,150,1222
-753,123,1388
-342,-16,1278
-232,-195,1072
-183,-363,808
-127,-468,475
-62,-490,225
-6,-471,11
-46,-461,-197
-55,-408,-393
-51,-323,-585
-27,-195,-763
-52,-97,-888
-73,-50,-950
-121,-103,-926
-195,-256,-793
-286,-442,-513
-356,-557,-166
-350,-571,205
-307,-508,536
-288,-387,806
-207,-206,1041
-195,-8,1240
-52,142,1301
106,237,1273
90,245,1316
-223,206,1442
-428,163,1472
-657,192,1497
-856,342,1536
-935,585,1572
-1002,860,1548
-993,1105,1477
-980,1297,1381
-905,1422,1327
-741,1402,1381
-552,1245,1490
-440,902,1568
-331,537,1570
-326,361,1516
-253,321,1487
-157,352,1492
-192,471,1497
-318,660,1566
-455,862,1572
-613,992,1541
-671,1042,1551
-716,971,1543
-757,840,1570
-632,750,1577
-382,652,1561
-213,507,1505
-230,282,1450
-403,50,1380
-491,-173,1225
-592,-382,1028
-650,-573,725
-703,-671,391
-722,-695,1
-665,-613,-416
-585,-455,-745
-463,-282,-970
-393,-142,-1095
-386,-187,-1046
-405,-326,-916
-438,-528,-610
-431,-645,-146
-323,-621,401
-251,-442,878
-267,-140,1263
-335,216,1485
-410,578,1605
-431,926,1592
-337,1283,1457
-211,1536,1252
-226,1725,1051
-293,1853,842
-347,1962,638
-423,2043,418
-485,2067,181
-568,2067,-58
-641,1986,-357
-673,1886,-638
-681,1736,-877
-648,1610,-1028
-638,1572,-1077
-625,1602,-1046
-615,1565,-1077
-603,1548,-1082
-627,1572,-1061
-697,1693,-898
-790,1883,-575
-837,2022,-33
-795,1972,543
-620,1725,1092
-386,1262,1465
-167,721,1536
-46,182,1360
-172,-250,1072
-245,-511,627
-305,-613,240
-377,-618,-112
-440,-561,-393
-436,-423,-710
-326,-235,-947
-48,-1,-1038
160,240,-1072
113,371,-1133
11,352,-1188
-43,282,-1191
-132,168,-1186
-165,13,-1107
-245,-203,-916
-310,-406,-688
-358,-561,-381
-293,-607,-53
-188,-571,286
-108,-500,561
-1,-345,847
25,-145,1110
3,58,1286
-60,247,1426
-178,458,1521
-366,683,1612
-506,936,1597
-538,1115,1553
-582,1278,1487
-625,1438,1393
-608,1583,1301
-571,1712,1158
-490,1783,1082
-452,1877,995
-375,1936,867
-280,1988,753
-188,1983,668
-121,1983,643
-141,2001,636
-265,2007,656
-531,2012,720
-788,1946,855
-1122,1778,896
-1651,1543,563
-1808,1297,563
-1908,1018,580
-1983,716,442
-1992,411,156
-1898,156,-58
-1763,-51,-153
-1507,-316,-163
-1227,-507,0
-963,-590,161
-643,-626,217
-270,-595,212
13,-500,258
205,-381,335
307,-287,352
307,-287,335
132,-406,317
-221,-537,266
-732,-600,171
-1271,-440,128
-1675,-142,97
-1915,282,112
-1990,750,176
-1855,1178,372
-1628,1526,497
-1362,1767,561
-1072,1898,592
-808,1977,631
-592,2022,620
-543,2048,590
-751,2030,518
-1145,1927,497
-1586,1598,495
-1887,1097,500
-1971,511,391
-1828,47,320
-1580,-263,330
-1233,-478,337
-735,-607,291
-195,-568,245
202,-376,197
431,-187,197
603,18,212
683,147,215
692,147,190
590,-21,176
377,-221,61
156,-385,-97
-121,-485,-276
-350,-537,-350
-398,-585,-242
-353,-605,-28
-356,-595,-36
-447,-587,-271
-510,-458,-636
-485,-252,-942
-445,8,-1176
-393,387,-1335
-417,768,-1381
-370,1060,-1306
-286,1273,-1217
-216,1365,-1138
-191,1410,-1115
-186,1323,-1161
-232,1092,-1266
-310,681,-1365
-407,250,-1288
-412,-63,-1087
-491,-330,-862
-601,-513,-508
-648,-628,-41
-627,-587,418
-576,-455,783
-512,-276,1053
-428,-71,1256
-342,153,1388
-200,426,1467
-52,786,1452
-111,1088,1413
-178,1297,1375
-270,1462,1306
-407,1555,1252
-561,1510,1298
-835,1352,1377
-1128,1152,1360
-1355,1060,1278
-1493,1068,1148
-1572,1188,1002
-1612,1241,908
-1626,1252,893
-1635,1207,941
-1623,1168,972
-1633,1128,985
-1682,1067,950
-1763,1176,763
-1758,1357,551
-1685,1546,381
-1513,1725,225
-1266,1922,156
-958,2065,131
-630,2141,112
-382,2151,72
-137,2138,61
78,2086,53
230,2027,36
258,1993,-87
100,2017,-317
-326,2022,-625
-982,1872,-725
-1647,1552,-391
-1981,1068,77
-1960,595,513
-1855,268,592
-1721,-40,447
-1448,-271,518
-1106,-468,558
-667,-563,563
-240,-526,501
92,-418,393
350,-247,313
528,-51,303
652,123,342
706,302,396
732,363,370
722,261,107
496,6,-315
118,-261,-490
-156,-437,-378
-337,-558,-168
-401,-578,56
-326,-563,250
-280,-537,332
-251,-535,306
-281,-537,383
-262,-505,506
-205,-455,597
-162,-411,717
-172,-290,933
-175,-127,1120
-57,121,1266
97,292,1286
167,481,1316
335,766,1215
491,1057,1031
613,1276,683
665,1397,276
625,1446,-171
536,1407,-497
496,1336,-658
466,1226,-773
458,1100,-860
442,916,-941
405,628,-985
403,378,-921
415,180,-783
386,3,-653
333,-132,-526
300,-235,-396
277,-332,-168
195,-408,85
27,-485,301
-135,-523,475
-221,-463,686
-256,-381,896
-227,-211,1110
-235,3,1308
-281,182,1413
-405,318,1508
-438,500,1541
-137,686,1492
52,905,1423
81,1133,1337
17,1305,1286
-200,1307,1370
-522,1107,1505
-921,750,1526
-1212,335,1337
-1311,-80,1016
-1171,-418,602
-983,-566,171
-835,-581,-217
-783,-485,-511
-860,-361,-730
-991,-208,-875
-970,-1,-1041
-860,108,-1148
-843,56,-1146
-877,-150,-947
-862,-335,-732
-713,-437,-580
-512,-455,-546
-361,-418,-628
-280,-328,-735
-288,-240,-857
-417,-92,-1043
-538,53,-1158
-571,156,-1232
-582,256,-1263
-641,371,-1288
-668,413,-1283
-690,295,-1258
-776,50,-1133
-842,-173,-936
-945,-378,-625
-1021,-511,-227
-1023,-545,181
-1001,-500,567
-896,-356,893
-881,-77,1220
-767,232,1438
-753,635,1533
-751,1012,1497
-720,1278,1401
-665,1455,1308
-608,1576,1230
-566,1607,1202
-545,1476,1308
-568,1197,1477
-617,747,1553
-716,266,1467
-622,-130,1207
-501,-418,822
-458,-563,447
-366,-616,82
-277,-550,-205
-162,-445,-418
-106,-311,-663
-67,-226,-766
-97,-240,-747
-153,-385,-548
-143,-526,-126
-83,-476,413
-57,-276,886
-172,50,1298
-223,405,1480
-372,745,1548
-526,1042,1513
-748,1288,1401
-840,1431,1301
-788,1407,1340
-678,1223,1470
-662,947,1563
-695,592,1556
-748,132,1401
-893,-258,1033
-931,-455,692
-886,-563,263
-786,-585,-102
-643,-511,-381
-477,-471,-480
-288,-426,-546
-105,-330,-605
106,-180,-641
347,25,-676
563,305,-580
727,533,-401
781,645,-286
767,621,-325
630,431,-561
283,142,-827
-242,-126,-936
-835,-280,-820
-1271,-261,-570
-1563,-121,-411
-1761,126,-320
-1863,455,-306
-1857,818,-388
-1733,1195,-375
-1528,1525,-357
-1233,1772,-332
-937,1927,-271
-671,2003,-192
-440,2025,-80
-272,2017,53
-281,2032,105
-490,2036,87
-808,2007,-1
-1208,1857,-72
-1540,1601,-146
-1820,1178,-212
-1932,652,-227
-1796,80,-166
-1373,-385,-23
-795,-595,65
-200,-545,72
246,-323,85
578,-6,92
773,335,85
835,652,21
832,812,46
835,823,80
816,631,146
703,250,192
391,-185,227
-55,-492,215
-541,-566,308
-935,-495,567
-1028,-328,877
-953,-166,1102
-797,21,1308
-450,297,1485
-240,485,1502
-105,635,1467
-102,692,1475
90,568,1388
153,442,1327
272,332,1200
305,302,1156
391,285,1056
468,203,906
582,137,633
685,100,112
528,42,-475
296,-13,-763
113,-32,-913
-143,-21,-1048
-426,1,-1148
-678,58,-1166
-772,116,-1207
-678,118,-1191
-298,123,-1188
298,123,-867
683,153,-212
716,192,367
543,235,808
108,223,1255
-461,121,1393
-837,82,1360
-928,97,1345
-1215,82,1207
-1675,-16,592
-1701,-95,-67
-1623,-103,-340
-1505,-50,-638
-1227,42,-980
-835,108,-1207
-353,142,-1237
-102,152,-1138
205,182,-975
461,171,-668
501,158,-597
491,173,-610
245,190,-928
-178,240,-1192
-466,345,-1303
-648,455,-1316
-725,595,-1340
-776,776,-1332
-800,957,-1291
-827,1245,-1191
-851,1515,-980
-832,1743,-725
-800,1901,-403
-792,1996,-31
-776,2007,256
-762,1993,431
-751,1993,428
-823,2012,237
-921,1998,-82
-1028,1827,-492
-1177,1550,-803
-1285,1205,-1018
-1306,878,-1127
-1250,568,-1188
-1122,266,-1178
-1036,-21,-1041
-958,-313,-801
-843,-511,-447
-916,-585,-51
-972,-555,332
-1002,-432,700
-982,-240,1008
-1045,-1,1210
-1096,216,1330
-1072,323,1383
-1066,230,1332
-1031,-47,1173
-1018,-330,808
-1133,-468,315
-1278,-402,-156
-1418,-228,-393
-1658,-76,-263
-1782,87,406
-1411,121,1067
-913,158,1347
-310,197,1377
-8,200,1281
105,242,1215
323,350,1107
455,356,962
636,305,607
708,256,311
713,228,122
732,282,95
730,321,240
595,358,771
281,335,1148
-191,258,1381
-648,97,1340
-1053,-35,1166
-1360,-171,811
-1493,-245,372
-1505,-250,-163
-1220,-177,-735
-767,-92,-1026
-351,-23,-1070
-1,68,-997
97,176,-1021
-11,376,-1166
-223,660,-1291
-447,997,-1291
-630,1315,-1168
-725,1598,-918
-765,1825,-592
-753,1933,-313
-676,2017,-82
-598,2020,61
-595,2048,95
-671,2017,-53
-802,1906,-426
-975,1605,-845
-1177,1195,-1075
-1198,737,-1188
-1241,306,-1110
-1300,-56,-862
-1152,-313,-631
-1001,-500,-360
-870,-587,8
-808,-550,480
-716,-405,852
-657,-292,1016
-526,-190,1117
-277,-63,1205
1,90,1188
240,221,1120
385,340,1041
456,416,987
525,505,941
603,592,855
650,697,808
648,800,815
613,873,862
543,976,950
403,1060,1085
116,1155,1271
-403,1223,1423
-913,1323,1335
-1040,1520,1136
-1222,1657,793
-1320,1767,393
-1330,1765,-61
-1292,1641,-495
-1255,1423,-850
-1171,1167,-1115
-1088,995,-1225
-1110,1028,-1212
-1198,1226,-1072
-1276,1476,-806
-1325,1672,-411
-1392,1727,33
-1467,1625,455
-1462,1378,881
-1306,1018,1256
-1017,626,1465
-737,252,1433
-477,-37,1255
-382,-235,1066
-283,-326,888
-258,-356,815
-315,-390,783
-393,-428,753
-340,-402,756
-221,-308,850
-140,-211,980
-118,-66,1141
-122,127,1273
-111,290,1370
-195,447,1450
-358,581,1521
-597,700,1553
-751,781,1528
-730,805,1541
-673,868,1523
-620,928,1521
-528,973,1538
-501,962,1531
-501,991,1526
-463,1045,1508
-428,1100,1482
-218,1138,1441
-73,1086,1416
-13,1016,1426
-46,860,1455
22,752,1438
20,578,1447
-38,405,1457
-132,263,1411
-181,127,1393
-167,87,1375
-251,16,1367
-321,-100,1322
-280,-90,1317
-258,-45,1362
-286,6,1401
-315,95,1433
-328,153,1452
-366,180,1447
-380,192,1445
-412,237,1438
-466,232,1452
-491,230,1436
-477,250,1418
-450,273,1421
-433,276,1398
-405,247,1393
-372,256,1381
-340,273,1383
-323,282,1367
-347,245,1367
-356,226,1360
-366,232,1342
-368,258,1350
-398,297,1362
-283,347,1357
-288,355,1362
-280,350,1345
-286,313,1350
-251,297,1335
-253,278,1332
-270,276,1311
-258,263,1311
-258,268,1301
-270,287,1301
-270,297,1316
-275,306,1325
-288,311,1327
-288,316,1337
-307,311,1337
-305,316,1317
-321,297,1327
-333,321,1347
-321,292,1330
-328,295,1335
-335,297,1332
-342,278,1327
-333,290,1325
-335,290,1322
-345,290,1322
-328,280,1313
-337,292,1330
-335,287,1330
-333,295,1322
-335,285,1327
-333,280,1332
-326,295,1325
-345,280,1322
-331,282,1320
-331,285,1332
-351,290,1322
-331,285,1322
-331,295,1337
-342,295,1327
-335,285,1325
-337,285,1330
-331,295,1337
-326,302,1330
-318,297,1330
-333,285,1311
-321,305,1330
-318,290,1316
-321,302,1317
-323,295,1320
-326,290,1330
-333,306,1322
-318,300,1327
-321,290,1320
-321,300,1317
-323,292,1327
-312,290,1317
-326,295,1317
-321,297,1313
-310,305,1317
-318,295,1320
-312,282,1308
-302,297,1322
-305,290,1317
-298,300,1335
-310,300,1308
-300,292,1298
-307,297,1308
-307,290,1303
-291,295,1293
-302,295,1301
-281,287,1281
-288,276,1276
-298,271,1283
-302,292,1276
-302,280,1281
-302,290,1281
-286,280,1291
-298,282,1306
-302,278,1286
-310,276,1286
-296,280,1288
-296,278,1293
-302,285,1298
-302,280,1281
-293,271,1278
-286,280,1268
-283,266,1266
-291,271,1283
-288,256,1271
-283,263,1266
-281,266,1261